2022-01-20 09:15:20,960 INFO o.j.r.PluginManagerCMD: Command is: install-for-jmx
2022-01-20 09:15:21,094 INFO o.j.r.JARSourceHTTP: Found cached repo
2022-01-20 09:15:21,683 INFO o.j.r.PluginManager: Plugins Status: [jpgc-functions=2.1, jpgc-casutg=2.10, jpgc-dummy=0.4, jpgc-ffw=2.0, jpgc-fifo=0.2, jpgc-json=2.7, jpgc-prmctl=0.4, jpgc-perfmon=2.1, jpgc-plugins-manager=1.3, bzm-random-csv=0.8, jpgc-tst=2.5, jmeter-core=5.4.2, jmeter-ftp=5.4.2, jmeter-http=5.4.2, jmeter-jdbc=5.4.2, jmeter-jms=5.4.2, jmeter-junit=5.4.2, jmeter-java=5.4.2, jmeter-ldap=5.4.2, jmeter-mail=5.4.2, jmeter-mongodb=5.4.2, jmeter-native=5.4.2, jmeter-tcp=5.4.2, jmeter-components=5.4.2]
2022-01-20 09:15:21,686 INFO o.j.r.PluginManagerCMD: Params line is: /bzt-configs/modified_purchase-5.jmx
2022-01-20 09:15:22,659 INFO o.a.j.s.SaveService: Testplan (JMX) version: 2.2. Testlog (JTL) version: 2.2
2022-01-20 09:15:22,736 INFO o.a.j.s.SaveService: Using SaveService properties version 5.0
2022-01-20 09:15:22,752 INFO o.a.j.s.SaveService: Using SaveService properties file encoding UTF-8
2022-01-20 09:15:22,867 INFO o.a.j.p.h.c.CacheManager: Will only cache the following methods: [GET]
2022-01-20 09:15:22,885 INFO o.a.j.s.SampleResult: Note: Sample TimeStamps are START times
2022-01-20 09:15:22,886 INFO o.a.j.s.SampleResult: sampleresult.default.encoding is set to ISO-8859-1
2022-01-20 09:15:22,886 INFO o.a.j.s.SampleResult: sampleresult.useNanoTime=true
2022-01-20 09:15:22,886 INFO o.a.j.s.SampleResult: sampleresult.nanoThreadSleep=5000
2022-01-20 09:15:22,896 INFO o.a.j.p.h.c.CookieManager: Settings: Delete null: true Check: true Allow variable: true Save: false Prefix: COOKIE_
2022-01-20 09:15:22,944 INFO o.a.j.p.h.s.HTTPSamplerBase: Parser for text/html is org.apache.jmeter.protocol.http.parser.LagartoBasedHtmlParser
2022-01-20 09:15:22,944 INFO o.a.j.p.h.s.HTTPSamplerBase: Parser for application/xhtml+xml is org.apache.jmeter.protocol.http.parser.LagartoBasedHtmlParser
2022-01-20 09:15:22,944 INFO o.a.j.p.h.s.HTTPSamplerBase: Parser for application/xml is org.apache.jmeter.protocol.http.parser.LagartoBasedHtmlParser
2022-01-20 09:15:22,945 INFO o.a.j.p.h.s.HTTPSamplerBase: Parser for text/xml is org.apache.jmeter.protocol.http.parser.LagartoBasedHtmlParser
2022-01-20 09:15:22,945 INFO o.a.j.p.h.s.HTTPSamplerBase: Parser for text/vnd.wap.wml is org.apache.jmeter.protocol.http.parser.RegexpHTMLParser
2022-01-20 09:15:22,946 INFO o.a.j.p.h.s.HTTPSamplerBase: Parser for text/css is org.apache.jmeter.protocol.http.parser.CssParser
2022-01-20 09:15:23,098 INFO o.j.r.PluginManager: Finishing without changes
