2022-01-20 03:15:09,502 INFO o.a.j.u.JMeterUtils: Setting Locale to en_EN
2022-01-20 03:15:09,610 INFO o.a.j.JMeter: Loading user properties from: /opt/apache-jmeter-5.4.2/bin/user.properties
2022-01-20 03:15:09,612 INFO o.a.j.JMeter: Loading system properties from: /opt/apache-jmeter-5.4.2/bin/system.properties
2022-01-20 03:15:09,613 INFO o.a.j.JMeter: Setting System property: log4j2.formatMsgNoLookups=true
2022-01-20 03:15:09,613 INFO o.a.j.JMeter: Setting JMeter property: server.rmi.localport=60000
2022-01-20 03:15:09,613 INFO o.a.j.JMeter: Setting JMeter property: server.rmi.ssl.keystore.file=/opt/apache-jmeter-5.4.2/bin/rmi_keystore.jks
2022-01-20 03:15:09,613 INFO o.a.j.JMeter: Setting JMeter property: slave=slave-2
2022-01-20 03:15:09,662 INFO o.a.j.JMeter: Copyright (c) 1998-2021 The Apache Software Foundation
2022-01-20 03:15:09,663 INFO o.a.j.JMeter: Version 5.4.2
2022-01-20 03:15:09,665 INFO o.a.j.JMeter: java.version=1.8.0_275
2022-01-20 03:15:09,665 INFO o.a.j.JMeter: java.vm.name=OpenJDK 64-Bit Server VM
2022-01-20 03:15:09,666 INFO o.a.j.JMeter: os.name=Linux
2022-01-20 03:15:09,667 INFO o.a.j.JMeter: os.arch=amd64
2022-01-20 03:15:09,667 INFO o.a.j.JMeter: os.version=5.4.72-microsoft-standard-WSL2
2022-01-20 03:15:09,668 INFO o.a.j.JMeter: file.encoding=UTF-8
2022-01-20 03:15:09,668 INFO o.a.j.JMeter: java.awt.headless=true
2022-01-20 03:15:09,668 INFO o.a.j.JMeter: Max memory     =6534725632
2022-01-20 03:15:09,669 INFO o.a.j.JMeter: Available Processors =8
2022-01-20 03:15:09,694 INFO o.a.j.JMeter: Default Locale=English (EN)
2022-01-20 03:15:09,695 INFO o.a.j.JMeter: JMeter  Locale=English (EN)
2022-01-20 03:15:09,695 INFO o.a.j.JMeter: JMeterHome=/opt/apache-jmeter-5.4.2
2022-01-20 03:15:09,695 INFO o.a.j.JMeter: user.dir  =/opt/apache-jmeter-5.4.2
2022-01-20 03:15:09,696 INFO o.a.j.JMeter: PWD       =/opt/apache-jmeter-5.4.2
2022-01-20 03:15:09,696 INFO o.a.j.JMeter: IP: 192.168.0.102 Name: b1ab84d781c0 FullName: b1ab84d781c0
2022-01-20 03:15:09,798 INFO o.a.j.r.RmiUtils: System property 'java.rmi.server.hostname' is not defined, using localHost address
2022-01-20 03:15:09,799 INFO o.a.j.r.RmiUtils: Local IP address=192.168.0.102
2022-01-20 03:15:10,588 INFO o.a.j.r.SSLRMIServerSocketFactory: Created SSLSocket: [SSL: ServerSocket[addr=b1ab84d781c0/192.168.0.102,localport=60000]]
2022-01-20 03:15:10,629 INFO o.a.j.e.RemoteJMeterEngineImpl: Starting backing engine on 1099
2022-01-20 03:15:10,629 INFO o.a.j.r.RmiUtils: System property 'java.rmi.server.hostname' is not defined, using localHost address
2022-01-20 03:15:10,632 INFO o.a.j.r.RmiUtils: Local IP address=192.168.0.102
2022-01-20 03:15:10,632 INFO o.a.j.e.RemoteJMeterEngineImpl: IP address is a site-local address; this may cause problems with remote access.
	Can be overridden by defining the system property 'java.rmi.server.hostname' - see jmeter-server script file
2022-01-20 03:15:10,633 INFO o.a.j.e.RemoteJMeterEngineImpl: Creating RMI registry (server.rmi.create=true)
2022-01-20 03:15:10,633 INFO o.a.j.r.RmiUtils: System property 'java.rmi.server.hostname' is not defined, using localHost address
2022-01-20 03:15:10,633 INFO o.a.j.r.RmiUtils: Local IP address=192.168.0.102
2022-01-20 03:15:10,644 INFO o.a.j.r.SSLRMIServerSocketFactory: Created SSLSocket: [SSL: ServerSocket[addr=b1ab84d781c0/192.168.0.102,localport=1099]]
2022-01-20 03:15:10,734 INFO o.a.j.e.RemoteJMeterEngineImpl: Bound to RMI registry on port 1099
2022-01-20 03:15:41,645 INFO o.a.j.s.SampleEvent: List of sample_variables: []
2022-01-20 03:15:41,706 INFO o.a.j.s.BatchSampleSender: Using batching for this run. Thresholds: num=100, time=60000
2022-01-20 03:15:41,707 INFO o.a.j.s.DataStrippingSampleSender: Using DataStrippingSampleSender for this run with stripAlsoOnError: true
2022-01-20 03:15:41,847 INFO o.a.j.p.h.c.CacheManager: Will only cache the following methods: [GET]
2022-01-20 03:15:41,908 INFO o.a.j.s.BatchSampleSender: Using batching for this run. Thresholds: num=100, time=60000
2022-01-20 03:15:41,909 INFO o.a.j.s.DataStrippingSampleSender: Using DataStrippingSampleSender for this run with stripAlsoOnError: true
2022-01-20 03:15:42,032 INFO o.a.j.p.h.s.HTTPSamplerBase: Parser for text/html is org.apache.jmeter.protocol.http.parser.LagartoBasedHtmlParser
2022-01-20 03:15:42,032 INFO o.a.j.p.h.s.HTTPSamplerBase: Parser for application/xhtml+xml is org.apache.jmeter.protocol.http.parser.LagartoBasedHtmlParser
2022-01-20 03:15:42,033 INFO o.a.j.p.h.s.HTTPSamplerBase: Parser for application/xml is org.apache.jmeter.protocol.http.parser.LagartoBasedHtmlParser
2022-01-20 03:15:42,033 INFO o.a.j.p.h.s.HTTPSamplerBase: Parser for text/xml is org.apache.jmeter.protocol.http.parser.LagartoBasedHtmlParser
2022-01-20 03:15:42,033 INFO o.a.j.p.h.s.HTTPSamplerBase: Parser for text/vnd.wap.wml is org.apache.jmeter.protocol.http.parser.RegexpHTMLParser
2022-01-20 03:15:42,033 INFO o.a.j.p.h.s.HTTPSamplerBase: Parser for text/css is org.apache.jmeter.protocol.http.parser.CssParser
2022-01-20 03:15:42,097 INFO o.a.j.p.h.c.CookieManager: Settings: Delete null: true Check: true Allow variable: true Save: false Prefix: COOKIE_
2022-01-20 03:15:42,125 INFO o.a.j.s.BatchSampleSender: Using batching for this run. Thresholds: num=100, time=60000
2022-01-20 03:15:42,125 INFO o.a.j.s.DataStrippingSampleSender: Using DataStrippingSampleSender for this run with stripAlsoOnError: true
2022-01-20 03:15:42,130 INFO o.a.j.s.BatchSampleSender: Using batching for this run. Thresholds: num=100, time=60000
2022-01-20 03:15:42,131 INFO o.a.j.s.DataStrippingSampleSender: Using DataStrippingSampleSender for this run with stripAlsoOnError: true
2022-01-20 03:15:43,492 INFO o.a.j.e.RemoteJMeterEngineImpl: Creating JMeter engine on host slave-2 base '.'
2022-01-20 03:15:43,494 INFO o.a.j.e.RemoteJMeterEngineImpl: Remote client host: 192.168.0.21
2022-01-20 03:15:43,507 INFO o.a.j.s.FileServer: Default base='/opt/apache-jmeter-5.4.2'
2022-01-20 03:15:43,509 INFO o.a.j.s.FileServer: Set new base='.'
2022-01-20 03:15:43,523 INFO o.a.j.e.StandardJMeterEngine: Applying properties {log_level.jmeter=WARNING, ramp-up=600, user.classpath=/tmp/artifacts:/bzt-configs, jmeterengine.force.system.exit=true, client.tries=3, jmeter.save.saveservice.timestamp_format=ms, iterations=50, summariser.name=, sampleresult.default.encoding=UTF-8, jmeterengine.nongui.port=4445, jmeter.save.saveservice.connect_time=true, client.retries_delay=1000, log_level.jmeter.threads=DEBUG, hold-for=1200, jmeter.save.saveservice.autoflush=true, jmeterengine.nongui.maxport=4445}
2022-01-20 03:15:43,526 INFO o.a.j.e.RemoteJMeterEngineImpl: Running test
2022-01-20 03:15:43,541 INFO o.a.j.e.StandardJMeterEngine: Running the test!
2022-01-20 03:15:43,542 INFO o.a.j.s.SampleEvent: List of sample_variables: []
2022-01-20 03:15:43,567 INFO o.a.j.e.u.CompoundVariable: Note: Function class names must contain the string: '.functions.'
2022-01-20 03:15:43,568 INFO o.a.j.e.u.CompoundVariable: Note: Function class names must not contain the string: '.gui.'
2022-01-20 03:15:48,551 INFO o.a.j.e.StandardJMeterEngine: Starting ThreadGroup: 1 : welcome
2022-01-20 03:15:48,552 INFO o.a.j.e.StandardJMeterEngine: Starting 10 threads for group welcome.
2022-01-20 03:15:48,552 INFO o.a.j.e.StandardJMeterEngine: Thread will continue on error
2022-01-20 03:15:48,553 INFO o.a.j.t.ThreadGroup: Starting thread group... number=1 threads=10 ramp-up=600 delayedStart=false
2022-01-20 03:15:48,771 INFO o.a.j.t.ThreadGroup: Started thread group number 1
2022-01-20 03:15:48,772 INFO o.a.j.e.StandardJMeterEngine: All thread groups have been started
2022-01-20 03:15:48,833 INFO o.a.j.t.JMeterThread: Thread started: slave-2-welcome 1-1
2022-01-20 03:15:48,865 INFO o.a.j.s.FileServer: Stored: /data/param.csv
2022-01-20 03:15:48,936 INFO o.a.j.p.h.s.HTTPHCAbstractImpl: Local host = b1ab84d781c0
2022-01-20 03:15:48,954 INFO o.a.j.p.h.s.HTTPHC4Impl: HTTP request retry count = 0
2022-01-20 03:15:48,959 INFO o.a.j.s.SampleResult: Note: Sample TimeStamps are START times
2022-01-20 03:15:48,959 INFO o.a.j.s.SampleResult: sampleresult.default.encoding is set to UTF-8
2022-01-20 03:15:48,959 INFO o.a.j.s.SampleResult: sampleresult.useNanoTime=true
2022-01-20 03:15:48,959 INFO o.a.j.s.SampleResult: sampleresult.nanoThreadSleep=5000
2022-01-20 03:15:49,580 INFO o.a.j.p.h.s.h.LazyLayeredConnectionSocketFactory: Setting up HTTPS TrustAll Socket Factory
2022-01-20 03:15:49,598 INFO o.a.j.u.JsseSSLManager: Using default SSL protocol: TLS
2022-01-20 03:15:49,598 INFO o.a.j.u.JsseSSLManager: SSL session context: per-thread
2022-01-20 03:15:49,621 INFO o.a.j.u.SSLManager: JmeterKeyStore Location:  type JKS
2022-01-20 03:15:49,623 INFO o.a.j.u.SSLManager: KeyStore created OK
2022-01-20 03:15:49,623 WARN o.a.j.u.SSLManager: Keystore file not found, loading empty keystore
2022-01-20 03:16:48,817 INFO o.a.j.t.JMeterThread: Thread started: slave-2-welcome 1-2
2022-01-20 03:16:59,116 INFO o.a.j.t.JMeterThread: Thread is done: slave-2-welcome 1-1
2022-01-20 03:16:59,116 INFO o.a.j.t.JMeterThread: Thread finished: slave-2-welcome 1-1
2022-01-20 03:17:48,799 INFO o.a.j.t.JMeterThread: Thread started: slave-2-welcome 1-3
2022-01-20 03:18:00,404 INFO o.a.j.t.JMeterThread: Thread is done: slave-2-welcome 1-2
2022-01-20 03:18:00,404 INFO o.a.j.t.JMeterThread: Thread finished: slave-2-welcome 1-2
2022-01-20 03:18:48,780 INFO o.a.j.t.JMeterThread: Thread started: slave-2-welcome 1-4
2022-01-20 03:18:58,686 INFO o.a.j.t.JMeterThread: Thread is done: slave-2-welcome 1-3
2022-01-20 03:18:58,686 INFO o.a.j.t.JMeterThread: Thread finished: slave-2-welcome 1-3
2022-01-20 03:19:48,731 INFO o.a.j.t.JMeterThread: Thread started: slave-2-welcome 1-5
2022-01-20 03:20:00,938 INFO o.a.j.t.JMeterThread: Thread is done: slave-2-welcome 1-4
2022-01-20 03:20:00,938 INFO o.a.j.t.JMeterThread: Thread finished: slave-2-welcome 1-4
2022-01-20 03:20:48,700 INFO o.a.j.t.JMeterThread: Thread started: slave-2-welcome 1-6
2022-01-20 03:21:01,260 INFO o.a.j.t.JMeterThread: Thread is done: slave-2-welcome 1-5
2022-01-20 03:21:01,260 INFO o.a.j.t.JMeterThread: Thread finished: slave-2-welcome 1-5
2022-01-20 03:21:48,686 INFO o.a.j.t.JMeterThread: Thread started: slave-2-welcome 1-7
2022-01-20 03:21:54,096 INFO o.a.j.t.JMeterThread: Thread is done: slave-2-welcome 1-6
2022-01-20 03:21:54,096 INFO o.a.j.t.JMeterThread: Thread finished: slave-2-welcome 1-6
2022-01-20 03:22:48,661 INFO o.a.j.t.JMeterThread: Thread started: slave-2-welcome 1-8
2022-01-20 03:22:55,729 INFO o.a.j.t.JMeterThread: Thread is done: slave-2-welcome 1-7
2022-01-20 03:22:55,729 INFO o.a.j.t.JMeterThread: Thread finished: slave-2-welcome 1-7
2022-01-20 03:23:48,652 INFO o.a.j.t.JMeterThread: Thread started: slave-2-welcome 1-9
2022-01-20 03:23:53,792 INFO o.a.j.t.JMeterThread: Thread is done: slave-2-welcome 1-8
2022-01-20 03:23:53,792 INFO o.a.j.t.JMeterThread: Thread finished: slave-2-welcome 1-8
2022-01-20 03:24:48,667 INFO o.a.j.t.JMeterThread: Thread started: slave-2-welcome 1-10
2022-01-20 03:24:56,117 INFO o.a.j.t.JMeterThread: Thread is done: slave-2-welcome 1-9
2022-01-20 03:24:56,117 INFO o.a.j.t.JMeterThread: Thread finished: slave-2-welcome 1-9
2022-01-20 03:26:01,423 INFO o.a.j.t.JMeterThread: Thread is done: slave-2-welcome 1-10
2022-01-20 03:26:01,424 INFO o.a.j.t.JMeterThread: Thread finished: slave-2-welcome 1-10
2022-01-20 03:26:01,464 INFO o.a.j.e.StandardJMeterEngine: Notifying test listeners of end of test
2022-01-20 03:26:01,465 INFO o.a.j.s.FileServer: Close: /data/param.csv
2022-01-20 03:26:01,466 INFO o.a.j.s.DataStrippingSampleSender: Test Ended on slave-2
2022-01-20 03:26:01,466 INFO o.a.j.s.BatchSampleSender: Test Ended on slave-2
2022-01-20 03:26:01,546 INFO o.a.j.s.DataStrippingSampleSender: Test Ended on slave-2
2022-01-20 03:26:01,546 INFO o.a.j.s.BatchSampleSender: Test Ended on slave-2
2022-01-20 03:26:01,555 INFO o.a.j.s.DataStrippingSampleSender: Test Ended on slave-2
2022-01-20 03:26:01,555 INFO o.a.j.s.BatchSampleSender: Test Ended on slave-2
2022-01-20 03:26:01,575 INFO o.a.j.s.DataStrippingSampleSender: Test Ended on slave-2
2022-01-20 03:26:01,575 INFO o.a.j.s.BatchSampleSender: Test Ended on slave-2
2022-01-20 03:26:01,700 INFO o.a.j.e.StandardJMeterEngine: Test has ended on host slave-2 
2022-01-20 03:26:01,817 INFO o.a.j.e.RemoteJMeterEngineImpl: Exiting
2022-01-20 03:26:01,818 INFO o.a.j.r.RmiUtils: System property 'java.rmi.server.hostname' is not defined, using localHost address
2022-01-20 03:26:01,827 INFO o.a.j.r.RmiUtils: Local IP address=192.168.0.102
2022-01-20 03:26:01,922 INFO o.a.j.e.RemoteJMeterEngineImpl: Unbound from registry
2022-01-20 03:26:01,922 INFO o.a.j.e.RemoteJMeterEngineImpl: Unexported RemoteJMeterEngineImpl
2022-01-20 03:26:02,522 INFO o.a.j.e.RemoteJMeterEngineImpl: Stopping the backing engine
2022-01-20 03:26:02,542 INFO o.a.j.e.StandardJMeterEngine: Interrupting RMI Reaper
