2022-01-18 11:57:04,646 INFO o.a.j.u.JMeterUtils: Setting Locale to en_EN
2022-01-18 11:57:04,685 INFO o.a.j.JMeter: Loading user properties from: /opt/apache-jmeter-5.4.2/bin/user.properties
2022-01-18 11:57:04,685 INFO o.a.j.JMeter: Loading system properties from: /opt/apache-jmeter-5.4.2/bin/system.properties
2022-01-18 11:57:04,686 INFO o.a.j.JMeter: Setting System property: log4j2.formatMsgNoLookups=true
2022-01-18 11:57:04,686 INFO o.a.j.JMeter: Setting JMeter property: server.rmi.localport=60000
2022-01-18 11:57:04,686 INFO o.a.j.JMeter: Setting JMeter property: server.rmi.ssl.keystore.file=/opt/apache-jmeter-5.4.2/bin/rmi_keystore.jks
2022-01-18 11:57:04,686 INFO o.a.j.JMeter: Setting JMeter property: slave=slave-3
2022-01-18 11:57:04,714 INFO o.a.j.JMeter: Copyright (c) 1998-2021 The Apache Software Foundation
2022-01-18 11:57:04,715 INFO o.a.j.JMeter: Version 5.4.2
2022-01-18 11:57:04,715 INFO o.a.j.JMeter: java.version=1.8.0_275
2022-01-18 11:57:04,715 INFO o.a.j.JMeter: java.vm.name=OpenJDK 64-Bit Server VM
2022-01-18 11:57:04,715 INFO o.a.j.JMeter: os.name=Linux
2022-01-18 11:57:04,715 INFO o.a.j.JMeter: os.arch=amd64
2022-01-18 11:57:04,715 INFO o.a.j.JMeter: os.version=5.4.72-microsoft-standard-WSL2
2022-01-18 11:57:04,715 INFO o.a.j.JMeter: file.encoding=UTF-8
2022-01-18 11:57:04,715 INFO o.a.j.JMeter: java.awt.headless=true
2022-01-18 11:57:04,716 INFO o.a.j.JMeter: Max memory     =7717519360
2022-01-18 11:57:04,716 INFO o.a.j.JMeter: Available Processors =8
2022-01-18 11:57:04,729 INFO o.a.j.JMeter: Default Locale=English (EN)
2022-01-18 11:57:04,731 INFO o.a.j.JMeter: JMeter  Locale=English (EN)
2022-01-18 11:57:04,731 INFO o.a.j.JMeter: JMeterHome=/opt/apache-jmeter-5.4.2
2022-01-18 11:57:04,731 INFO o.a.j.JMeter: user.dir  =/opt/apache-jmeter-5.4.2
2022-01-18 11:57:04,731 INFO o.a.j.JMeter: PWD       =/opt/apache-jmeter-5.4.2
2022-01-18 11:57:04,732 INFO o.a.j.JMeter: IP: 192.168.0.103 Name: 6c8eda06e991 FullName: 6c8eda06e991
2022-01-18 11:57:04,795 INFO o.a.j.r.RmiUtils: System property 'java.rmi.server.hostname' is not defined, using localHost address
2022-01-18 11:57:04,795 INFO o.a.j.r.RmiUtils: Local IP address=192.168.0.103
2022-01-18 11:57:05,067 INFO o.a.j.r.SSLRMIServerSocketFactory: Created SSLSocket: [SSL: ServerSocket[addr=6c8eda06e991/192.168.0.103,localport=60000]]
2022-01-18 11:57:05,085 INFO o.a.j.e.RemoteJMeterEngineImpl: Starting backing engine on 1099
2022-01-18 11:57:05,085 INFO o.a.j.r.RmiUtils: System property 'java.rmi.server.hostname' is not defined, using localHost address
2022-01-18 11:57:05,086 INFO o.a.j.r.RmiUtils: Local IP address=192.168.0.103
2022-01-18 11:57:05,086 INFO o.a.j.e.RemoteJMeterEngineImpl: IP address is a site-local address; this may cause problems with remote access.
	Can be overridden by defining the system property 'java.rmi.server.hostname' - see jmeter-server script file
2022-01-18 11:57:05,086 INFO o.a.j.e.RemoteJMeterEngineImpl: Creating RMI registry (server.rmi.create=true)
2022-01-18 11:57:05,086 INFO o.a.j.r.RmiUtils: System property 'java.rmi.server.hostname' is not defined, using localHost address
2022-01-18 11:57:05,086 INFO o.a.j.r.RmiUtils: Local IP address=192.168.0.103
2022-01-18 11:57:05,095 INFO o.a.j.r.SSLRMIServerSocketFactory: Created SSLSocket: [SSL: ServerSocket[addr=6c8eda06e991/192.168.0.103,localport=1099]]
2022-01-18 11:57:05,102 INFO o.a.j.e.RemoteJMeterEngineImpl: Bound to RMI registry on port 1099
2022-01-18 11:57:18,702 INFO o.a.j.p.h.s.HTTPSamplerBase: Parser for text/html is org.apache.jmeter.protocol.http.parser.LagartoBasedHtmlParser
2022-01-18 11:57:18,703 INFO o.a.j.p.h.s.HTTPSamplerBase: Parser for application/xhtml+xml is org.apache.jmeter.protocol.http.parser.LagartoBasedHtmlParser
2022-01-18 11:57:18,703 INFO o.a.j.p.h.s.HTTPSamplerBase: Parser for application/xml is org.apache.jmeter.protocol.http.parser.LagartoBasedHtmlParser
2022-01-18 11:57:18,703 INFO o.a.j.p.h.s.HTTPSamplerBase: Parser for text/xml is org.apache.jmeter.protocol.http.parser.LagartoBasedHtmlParser
2022-01-18 11:57:18,704 INFO o.a.j.p.h.s.HTTPSamplerBase: Parser for text/vnd.wap.wml is org.apache.jmeter.protocol.http.parser.RegexpHTMLParser
2022-01-18 11:57:18,704 INFO o.a.j.p.h.s.HTTPSamplerBase: Parser for text/css is org.apache.jmeter.protocol.http.parser.CssParser
2022-01-18 11:57:18,736 INFO o.a.j.s.SampleEvent: List of sample_variables: []
2022-01-18 11:57:18,743 INFO o.a.j.s.BatchSampleSender: Using batching for this run. Thresholds: num=100, time=60000
2022-01-18 11:57:18,744 INFO o.a.j.s.DataStrippingSampleSender: Using DataStrippingSampleSender for this run with stripAlsoOnError: true
2022-01-18 11:57:18,746 INFO o.a.j.p.h.c.CookieManager: Settings: Delete null: true Check: true Allow variable: true Save: false Prefix: COOKIE_
2022-01-18 11:57:18,755 INFO o.a.j.p.h.c.CacheManager: Will only cache the following methods: [GET]
2022-01-18 11:57:18,779 INFO o.a.j.s.BatchSampleSender: Using batching for this run. Thresholds: num=100, time=60000
2022-01-18 11:57:18,779 INFO o.a.j.s.DataStrippingSampleSender: Using DataStrippingSampleSender for this run with stripAlsoOnError: true
2022-01-18 11:57:18,788 INFO o.a.j.s.BatchSampleSender: Using batching for this run. Thresholds: num=100, time=60000
2022-01-18 11:57:18,791 INFO o.a.j.s.DataStrippingSampleSender: Using DataStrippingSampleSender for this run with stripAlsoOnError: true
2022-01-18 11:57:18,792 INFO o.a.j.s.BatchSampleSender: Using batching for this run. Thresholds: num=100, time=60000
2022-01-18 11:57:18,793 INFO o.a.j.s.DataStrippingSampleSender: Using DataStrippingSampleSender for this run with stripAlsoOnError: true
