2022-01-20 03:15:10,127 INFO o.a.j.u.JMeterUtils: Setting Locale to en_EN
2022-01-20 03:15:10,245 INFO o.a.j.JMeter: Loading user properties from: /opt/apache-jmeter-5.4.2/bin/user.properties
2022-01-20 03:15:10,260 INFO o.a.j.JMeter: Loading system properties from: /opt/apache-jmeter-5.4.2/bin/system.properties
2022-01-20 03:15:10,261 INFO o.a.j.JMeter: Setting System property: log4j2.formatMsgNoLookups=true
2022-01-20 03:15:10,262 INFO o.a.j.JMeter: Setting JMeter property: server.rmi.localport=60000
2022-01-20 03:15:10,262 INFO o.a.j.JMeter: Setting JMeter property: server.rmi.ssl.keystore.file=/opt/apache-jmeter-5.4.2/bin/rmi_keystore.jks
2022-01-20 03:15:10,262 INFO o.a.j.JMeter: Setting JMeter property: slave=slave-1
2022-01-20 03:15:10,339 INFO o.a.j.JMeter: Copyright (c) 1998-2021 The Apache Software Foundation
2022-01-20 03:15:10,339 INFO o.a.j.JMeter: Version 5.4.2
2022-01-20 03:15:10,340 INFO o.a.j.JMeter: java.version=1.8.0_275
2022-01-20 03:15:10,340 INFO o.a.j.JMeter: java.vm.name=OpenJDK 64-Bit Server VM
2022-01-20 03:15:10,340 INFO o.a.j.JMeter: os.name=Linux
2022-01-20 03:15:10,340 INFO o.a.j.JMeter: os.arch=amd64
2022-01-20 03:15:10,340 INFO o.a.j.JMeter: os.version=5.4.72-microsoft-standard-WSL2
2022-01-20 03:15:10,340 INFO o.a.j.JMeter: file.encoding=UTF-8
2022-01-20 03:15:10,368 INFO o.a.j.JMeter: java.awt.headless=true
2022-01-20 03:15:10,368 INFO o.a.j.JMeter: Max memory     =6652166144
2022-01-20 03:15:10,369 INFO o.a.j.JMeter: Available Processors =8
2022-01-20 03:15:10,407 INFO o.a.j.JMeter: Default Locale=English (EN)
2022-01-20 03:15:10,408 INFO o.a.j.JMeter: JMeter  Locale=English (EN)
2022-01-20 03:15:10,408 INFO o.a.j.JMeter: JMeterHome=/opt/apache-jmeter-5.4.2
2022-01-20 03:15:10,420 INFO o.a.j.JMeter: user.dir  =/opt/apache-jmeter-5.4.2
2022-01-20 03:15:10,420 INFO o.a.j.JMeter: PWD       =/opt/apache-jmeter-5.4.2
2022-01-20 03:15:10,422 INFO o.a.j.JMeter: IP: 192.168.0.101 Name: e590503c3837 FullName: e590503c3837
2022-01-20 03:15:10,549 INFO o.a.j.r.RmiUtils: System property 'java.rmi.server.hostname' is not defined, using localHost address
2022-01-20 03:15:10,550 INFO o.a.j.r.RmiUtils: Local IP address=192.168.0.101
2022-01-20 03:15:11,198 INFO o.a.j.r.SSLRMIServerSocketFactory: Created SSLSocket: [SSL: ServerSocket[addr=e590503c3837/192.168.0.101,localport=60000]]
2022-01-20 03:15:11,249 INFO o.a.j.e.RemoteJMeterEngineImpl: Starting backing engine on 1099
2022-01-20 03:15:11,250 INFO o.a.j.r.RmiUtils: System property 'java.rmi.server.hostname' is not defined, using localHost address
2022-01-20 03:15:11,255 INFO o.a.j.r.RmiUtils: Local IP address=192.168.0.101
2022-01-20 03:15:11,256 INFO o.a.j.e.RemoteJMeterEngineImpl: IP address is a site-local address; this may cause problems with remote access.
	Can be overridden by defining the system property 'java.rmi.server.hostname' - see jmeter-server script file
2022-01-20 03:15:11,256 INFO o.a.j.e.RemoteJMeterEngineImpl: Creating RMI registry (server.rmi.create=true)
2022-01-20 03:15:11,258 INFO o.a.j.r.RmiUtils: System property 'java.rmi.server.hostname' is not defined, using localHost address
2022-01-20 03:15:11,260 INFO o.a.j.r.RmiUtils: Local IP address=192.168.0.101
2022-01-20 03:15:11,274 INFO o.a.j.r.SSLRMIServerSocketFactory: Created SSLSocket: [SSL: ServerSocket[addr=e590503c3837/192.168.0.101,localport=1099]]
2022-01-20 03:15:11,282 INFO o.a.j.e.RemoteJMeterEngineImpl: Bound to RMI registry on port 1099
2022-01-20 03:15:44,095 INFO o.a.j.p.h.c.CacheManager: Will only cache the following methods: [GET]
2022-01-20 03:15:44,230 INFO o.a.j.s.SampleEvent: List of sample_variables: []
2022-01-20 03:15:44,249 INFO o.a.j.s.BatchSampleSender: Using batching for this run. Thresholds: num=100, time=60000
2022-01-20 03:15:44,249 INFO o.a.j.s.DataStrippingSampleSender: Using DataStrippingSampleSender for this run with stripAlsoOnError: true
2022-01-20 03:15:44,312 INFO o.a.j.p.h.s.HTTPSamplerBase: Parser for text/html is org.apache.jmeter.protocol.http.parser.LagartoBasedHtmlParser
2022-01-20 03:15:44,313 INFO o.a.j.p.h.s.HTTPSamplerBase: Parser for application/xhtml+xml is org.apache.jmeter.protocol.http.parser.LagartoBasedHtmlParser
2022-01-20 03:15:44,314 INFO o.a.j.p.h.s.HTTPSamplerBase: Parser for application/xml is org.apache.jmeter.protocol.http.parser.LagartoBasedHtmlParser
2022-01-20 03:15:44,315 INFO o.a.j.p.h.s.HTTPSamplerBase: Parser for text/xml is org.apache.jmeter.protocol.http.parser.LagartoBasedHtmlParser
2022-01-20 03:15:44,315 INFO o.a.j.p.h.s.HTTPSamplerBase: Parser for text/vnd.wap.wml is org.apache.jmeter.protocol.http.parser.RegexpHTMLParser
2022-01-20 03:15:44,320 INFO o.a.j.p.h.s.HTTPSamplerBase: Parser for text/css is org.apache.jmeter.protocol.http.parser.CssParser
2022-01-20 03:15:44,380 INFO o.a.j.p.h.c.CookieManager: Settings: Delete null: true Check: true Allow variable: true Save: false Prefix: COOKIE_
2022-01-20 03:15:44,411 INFO o.a.j.s.BatchSampleSender: Using batching for this run. Thresholds: num=100, time=60000
2022-01-20 03:15:44,412 INFO o.a.j.s.DataStrippingSampleSender: Using DataStrippingSampleSender for this run with stripAlsoOnError: true
2022-01-20 03:15:44,418 INFO o.a.j.s.BatchSampleSender: Using batching for this run. Thresholds: num=100, time=60000
2022-01-20 03:15:44,418 INFO o.a.j.s.DataStrippingSampleSender: Using DataStrippingSampleSender for this run with stripAlsoOnError: true
2022-01-20 03:15:44,426 INFO o.a.j.s.BatchSampleSender: Using batching for this run. Thresholds: num=100, time=60000
2022-01-20 03:15:44,427 INFO o.a.j.s.DataStrippingSampleSender: Using DataStrippingSampleSender for this run with stripAlsoOnError: true
2022-01-20 03:15:46,114 INFO o.a.j.e.RemoteJMeterEngineImpl: Creating JMeter engine on host slave-1 base '.'
2022-01-20 03:15:46,115 INFO o.a.j.e.RemoteJMeterEngineImpl: Remote client host: 192.168.0.21
2022-01-20 03:15:46,125 INFO o.a.j.s.FileServer: Default base='/opt/apache-jmeter-5.4.2'
2022-01-20 03:15:46,129 INFO o.a.j.s.FileServer: Set new base='.'
2022-01-20 03:15:46,145 INFO o.a.j.e.StandardJMeterEngine: Applying properties {log_level.jmeter=WARNING, ramp-up=600, user.classpath=/tmp/artifacts:/bzt-configs, jmeterengine.force.system.exit=true, client.tries=3, jmeter.save.saveservice.timestamp_format=ms, iterations=50, summariser.name=, sampleresult.default.encoding=UTF-8, jmeterengine.nongui.port=4445, jmeter.save.saveservice.connect_time=true, client.retries_delay=1000, log_level.jmeter.threads=DEBUG, hold-for=1200, jmeter.save.saveservice.autoflush=true, jmeterengine.nongui.maxport=4445}
2022-01-20 03:15:46,152 INFO o.a.j.e.RemoteJMeterEngineImpl: Running test
2022-01-20 03:15:46,175 INFO o.a.j.e.StandardJMeterEngine: Running the test!
2022-01-20 03:15:46,177 INFO o.a.j.s.SampleEvent: List of sample_variables: []
2022-01-20 03:15:46,308 INFO o.a.j.e.u.CompoundVariable: Note: Function class names must contain the string: '.functions.'
2022-01-20 03:15:46,309 INFO o.a.j.e.u.CompoundVariable: Note: Function class names must not contain the string: '.gui.'
2022-01-20 03:15:48,950 INFO o.a.j.e.StandardJMeterEngine: Starting ThreadGroup: 1 : welcome
2022-01-20 03:15:48,951 INFO o.a.j.e.StandardJMeterEngine: Starting 10 threads for group welcome.
2022-01-20 03:15:48,951 INFO o.a.j.e.StandardJMeterEngine: Thread will continue on error
2022-01-20 03:15:48,951 INFO o.a.j.t.ThreadGroup: Starting thread group... number=1 threads=10 ramp-up=600 delayedStart=false
2022-01-20 03:15:49,067 INFO o.a.j.t.ThreadGroup: Started thread group number 1
2022-01-20 03:15:49,067 INFO o.a.j.e.StandardJMeterEngine: All thread groups have been started
2022-01-20 03:15:49,217 INFO o.a.j.t.JMeterThread: Thread started: slave-1-welcome 1-1
2022-01-20 03:15:49,248 INFO o.a.j.s.FileServer: Stored: /data/param.csv
2022-01-20 03:15:49,322 INFO o.a.j.p.h.s.HTTPHCAbstractImpl: Local host = e590503c3837
2022-01-20 03:15:49,337 INFO o.a.j.p.h.s.HTTPHC4Impl: HTTP request retry count = 0
2022-01-20 03:15:49,342 INFO o.a.j.s.SampleResult: Note: Sample TimeStamps are START times
2022-01-20 03:15:49,342 INFO o.a.j.s.SampleResult: sampleresult.default.encoding is set to UTF-8
2022-01-20 03:15:49,342 INFO o.a.j.s.SampleResult: sampleresult.useNanoTime=true
2022-01-20 03:15:49,342 INFO o.a.j.s.SampleResult: sampleresult.nanoThreadSleep=5000
2022-01-20 03:15:49,932 INFO o.a.j.p.h.s.h.LazyLayeredConnectionSocketFactory: Setting up HTTPS TrustAll Socket Factory
2022-01-20 03:15:49,951 INFO o.a.j.u.JsseSSLManager: Using default SSL protocol: TLS
2022-01-20 03:15:49,953 INFO o.a.j.u.JsseSSLManager: SSL session context: per-thread
2022-01-20 03:15:49,970 INFO o.a.j.u.SSLManager: JmeterKeyStore Location:  type JKS
2022-01-20 03:15:49,974 INFO o.a.j.u.SSLManager: KeyStore created OK
2022-01-20 03:15:49,974 WARN o.a.j.u.SSLManager: Keystore file not found, loading empty keystore
2022-01-20 03:16:49,183 INFO o.a.j.t.JMeterThread: Thread started: slave-1-welcome 1-2
2022-01-20 03:16:58,502 INFO o.a.j.t.JMeterThread: Thread is done: slave-1-welcome 1-1
2022-01-20 03:16:58,502 INFO o.a.j.t.JMeterThread: Thread finished: slave-1-welcome 1-1
2022-01-20 03:17:49,182 INFO o.a.j.t.JMeterThread: Thread started: slave-1-welcome 1-3
2022-01-20 03:17:58,669 INFO o.a.j.t.JMeterThread: Thread is done: slave-1-welcome 1-2
2022-01-20 03:17:58,669 INFO o.a.j.t.JMeterThread: Thread finished: slave-1-welcome 1-2
2022-01-20 03:18:49,179 INFO o.a.j.t.JMeterThread: Thread started: slave-1-welcome 1-4
2022-01-20 03:18:57,970 INFO o.a.j.t.JMeterThread: Thread is done: slave-1-welcome 1-3
2022-01-20 03:18:57,970 INFO o.a.j.t.JMeterThread: Thread finished: slave-1-welcome 1-3
2022-01-20 03:19:49,176 INFO o.a.j.t.JMeterThread: Thread started: slave-1-welcome 1-5
2022-01-20 03:19:59,212 INFO o.a.j.t.JMeterThread: Thread is done: slave-1-welcome 1-4
2022-01-20 03:19:59,213 INFO o.a.j.t.JMeterThread: Thread finished: slave-1-welcome 1-4
2022-01-20 03:20:49,149 INFO o.a.j.t.JMeterThread: Thread started: slave-1-welcome 1-6
2022-01-20 03:20:55,265 INFO o.a.j.t.JMeterThread: Thread is done: slave-1-welcome 1-5
2022-01-20 03:20:55,265 INFO o.a.j.t.JMeterThread: Thread finished: slave-1-welcome 1-5
2022-01-20 03:21:49,158 INFO o.a.j.t.JMeterThread: Thread started: slave-1-welcome 1-7
2022-01-20 03:21:55,976 INFO o.a.j.t.JMeterThread: Thread is done: slave-1-welcome 1-6
2022-01-20 03:21:55,976 INFO o.a.j.t.JMeterThread: Thread finished: slave-1-welcome 1-6
2022-01-20 03:22:49,131 INFO o.a.j.t.JMeterThread: Thread started: slave-1-welcome 1-8
2022-01-20 03:22:55,989 INFO o.a.j.t.JMeterThread: Thread is done: slave-1-welcome 1-7
2022-01-20 03:22:55,989 INFO o.a.j.t.JMeterThread: Thread finished: slave-1-welcome 1-7
2022-01-20 03:23:49,126 INFO o.a.j.t.JMeterThread: Thread started: slave-1-welcome 1-9
2022-01-20 03:23:57,851 INFO o.a.j.t.JMeterThread: Thread is done: slave-1-welcome 1-8
2022-01-20 03:23:57,851 INFO o.a.j.t.JMeterThread: Thread finished: slave-1-welcome 1-8
2022-01-20 03:24:49,120 INFO o.a.j.t.JMeterThread: Thread started: slave-1-welcome 1-10
2022-01-20 03:24:57,571 INFO o.a.j.t.JMeterThread: Thread is done: slave-1-welcome 1-9
2022-01-20 03:24:57,571 INFO o.a.j.t.JMeterThread: Thread finished: slave-1-welcome 1-9
2022-01-20 03:25:57,806 INFO o.a.j.t.JMeterThread: Thread is done: slave-1-welcome 1-10
2022-01-20 03:25:57,806 INFO o.a.j.t.JMeterThread: Thread finished: slave-1-welcome 1-10
2022-01-20 03:25:57,810 INFO o.a.j.e.StandardJMeterEngine: Notifying test listeners of end of test
2022-01-20 03:25:57,810 INFO o.a.j.s.FileServer: Close: /data/param.csv
2022-01-20 03:25:57,811 INFO o.a.j.s.DataStrippingSampleSender: Test Ended on slave-1
2022-01-20 03:25:57,811 INFO o.a.j.s.BatchSampleSender: Test Ended on slave-1
2022-01-20 03:25:57,821 INFO o.a.j.s.DataStrippingSampleSender: Test Ended on slave-1
2022-01-20 03:25:57,822 INFO o.a.j.s.BatchSampleSender: Test Ended on slave-1
2022-01-20 03:25:57,829 INFO o.a.j.s.DataStrippingSampleSender: Test Ended on slave-1
2022-01-20 03:25:57,829 INFO o.a.j.s.BatchSampleSender: Test Ended on slave-1
2022-01-20 03:25:57,837 INFO o.a.j.s.DataStrippingSampleSender: Test Ended on slave-1
2022-01-20 03:25:57,837 INFO o.a.j.s.BatchSampleSender: Test Ended on slave-1
2022-01-20 03:25:57,858 INFO o.a.j.e.StandardJMeterEngine: Test has ended on host slave-1 
2022-01-20 03:26:02,598 INFO o.a.j.e.RemoteJMeterEngineImpl: Exiting
2022-01-20 03:26:02,600 INFO o.a.j.r.RmiUtils: System property 'java.rmi.server.hostname' is not defined, using localHost address
2022-01-20 03:26:02,600 INFO o.a.j.r.RmiUtils: Local IP address=192.168.0.101
2022-01-20 03:26:02,672 INFO o.a.j.e.RemoteJMeterEngineImpl: Unbound from registry
2022-01-20 03:26:02,672 INFO o.a.j.e.RemoteJMeterEngineImpl: Unexported RemoteJMeterEngineImpl
2022-01-20 03:26:03,292 INFO o.a.j.e.RemoteJMeterEngineImpl: Stopping the backing engine
2022-01-20 03:26:03,296 INFO o.a.j.e.StandardJMeterEngine: Interrupting RMI Reaper
